
> visual-canvas-lab@0.1.0 predev
> npm run check-styling


> visual-canvas-lab@0.1.0 check-styling
> npm run validate-config && echo 'âœ… Tailwind config is valid'


> visual-canvas-lab@0.1.0 validate-config
> node scripts/validate-config.js

ðŸ” Validating project configuration...

ðŸ“ Checking PostCSS configuration...
âœ… PostCSS config is valid
ðŸŽ¨ Checking Tailwind configuration...
âœ… Tailwind config is valid
ðŸ“„ Checking globals.css...
âœ… globals.css has Tailwind directives
ðŸ“¦ Checking layout.tsx imports...
âœ… layout.tsx imports globals.css

==================================================
âœ… All configuration checks passed!
ðŸš€ Your project is ready for development
âœ… Tailwind config is valid

> visual-canvas-lab@0.1.0 dev
> next dev -p 3000

   â–² Next.js 14.1.0
   - Local:        http://localhost:3000
   - Environments: .env.local

 âœ“ Ready in 7s
 â—‹ Compiling /api/presets ...
 âœ“ Compiled /api/presets in 730ms (41 modules)
 âœ“ Compiled /api/presets/[id] in 132ms (43 modules)
 â—‹ Compiling / ...
 â¨¯ ./src/components/PresetControls.tsx
Error: 
  [31mx[0m Unexpected token `div`. Expected jsx identifier
     ,-[[36;1;4m/Users/BD/visual-canvas-lab/src/components/PresetControls.tsx[0m:170:1]
 [2m170[0m |   };
 [2m171[0m | 
 [2m172[0m |   return (
 [2m173[0m |     <div>
     : [31;1m     ^^^[0m
 [2m174[0m |       {/* Storage Mode Toggle */}
 [2m175[0m |       <div className="bg-black/20 rounded-lg p-3 mb-4">
 [2m176[0m |         <h4 className="text-white font-medium mb-3">Storage Mode</h4>
     `----

Caused by:
    Syntax Error

Import trace for requested module:
./src/components/PresetControls.tsx
./src/components/GlobalEffectsDashboard.tsx
./src/app/page.tsx
 â¨¯ ./src/components/PresetControls.tsx
Error: 
  [31mx[0m Unexpected token `div`. Expected jsx identifier
     ,-[[36;1;4m/Users/BD/visual-canvas-lab/src/components/PresetControls.tsx[0m:170:1]
 [2m170[0m |   };
 [2m171[0m | 
 [2m172[0m |   return (
 [2m173[0m |     <div>
     : [31;1m     ^^^[0m
 [2m174[0m |       {/* Storage Mode Toggle */}
 [2m175[0m |       <div className="bg-black/20 rounded-lg p-3 mb-4">
 [2m176[0m |         <h4 className="text-white font-medium mb-3">Storage Mode</h4>
     `----

Caused by:
    Syntax Error

Import trace for requested module:
./src/components/PresetControls.tsx
./src/components/GlobalEffectsDashboard.tsx
./src/app/page.tsx
 â¨¯ ./src/components/PresetControls.tsx
Error: 
  [31mx[0m Unexpected token `div`. Expected jsx identifier
     ,-[[36;1;4m/Users/BD/visual-canvas-lab/src/components/PresetControls.tsx[0m:170:1]
 [2m170[0m |   };
 [2m171[0m | 
 [2m172[0m |   return (
 [2m173[0m |     <div>
     : [31;1m     ^^^[0m
 [2m174[0m |       {/* Storage Mode Toggle */}
 [2m175[0m |       <div className="bg-black/20 rounded-lg p-3 mb-4">
 [2m176[0m |         <h4 className="text-white font-medium mb-3">Storage Mode</h4>
     `----

Caused by:
    Syntax Error

Import trace for requested module:
./src/components/PresetControls.tsx
./src/components/GlobalEffectsDashboard.tsx
./src/app/page.tsx
 âœ“ Compiled /_error in 1504ms (1242 modules)
 âš  Fast Refresh had to perform a full reload due to a runtime error.
 âœ“ Compiled / in 330ms (914 modules)
 âœ“ Compiled /api/presets in 148ms (937 modules)
 âœ“ Compiled /api/presets/[id] in 236ms (939 modules)
 âœ“ Compiled in 666ms (992 modules)
 âœ“ Compiled in 731ms (1905 modules)
 âœ“ Compiled /api/presets in 207ms (935 modules)
